[www.beautystatcosmetics.com/en/pre-6.html]
[backblue.gif]
[fade.gif]
[index.html]
[www.beautystatcosmetics.com/en/assets/css/site.min9349.css]
[www.beautystatcosmetics.com/en/assets/css/pages/pre-6.min9349.css]
[www.beautystatcosmetics.com/pub-assets/fileuploads/images/pre-6/logo.png]
[www.beautystatcosmetics.com/en/order.html]
[www.beautystatcosmetics.com/en/assets/js/lib.min9349.js]
[www.beautystatcosmetics.com/en/order-a.html]
[www.beautystatcosmetics.com/en/assets/js/site.min9349.js]
[www.beautystatcosmetics.com/en/pre-6.html]
[list/index.html]
[www.beautystatcosmetics.com/en/assets/css/site.min9349.css]
[www.beautystatcosmetics.com/en/assets/js/pages/pre-6.min9349.js]
[www.beautystatcosmetics.com/pub-assets/fileuploads/images/pre-6/orangebulletin.png]
[www.beautystatcosmetics.com/pub-assets/fileuploads/images/pre-6/bg-1.png]
[www.beautystatcosmetics.com/pub-assets/fileuploads/images/pre-6/grapefruit_row.png]
[www.beautystatcosmetics.com/pub-assets/fileuploads/images/pre-6/grapefruit.png]
[www.beautystatcosmetics.com/pub-assets/fileuploads/images/pre-6/check.png]
[www.beautystatcosmetics.com/pub-assets/fileuploads/images/pre-6/bg_texture.png]
[www.beautystatcosmetics.com/en/assets/css/pages/pre-6.min9349.css]
[www.beautystatcosmetics.com/en/assets/css/pages/order.min9349.css]
[www.beautystatcosmetics.com/pub-assets/fileuploads/images/logo.png]
[www.beautystatcosmetics.com/en/index.html]
[d16hdrba6dusey.cloudfront.net/sitecommon/images/card.png]
[d16hdrba6dusey.cloudfront.net/sitecommon/images/gsc_en.png]
[www.beautystatcosmetics.com/en/contact-us.html]
[www.beautystatcosmetics.com/en/terms.html]
[www.beautystatcosmetics.com/en/policy.html]
[www.beautystatcosmetics.com/en/assets/js/pages/order.min9349.js]
[www.beautystatcosmetics.com/en/order.html]
[www.beautystatcosmetics.com/en/affiliate.html]
[www.beautystatcosmetics.com/en/assets/css/pages/order-a.min9349.css]
[www.beautystatcosmetics.com/pub-assets/fileuploads/images/order-list/img_doctor.png]
[www.beautystatcosmetics.com/pub-assets/fileuploads/images/order-list/list-logo.png]
[www.beautystatcosmetics.com/pub-assets/fileuploads/images/index/icon_pdfeac5.png]
[www.beautystatcosmetics.com/pub-assets/fileuploads/images/order-list/img_serein.png]
[www.beautystatcosmetics.com/pub-assets/fileuploads/images/order-list/five_stars.png]
[www.beautystatcosmetics.com/pub-assets/fileuploads/images/order-list/img_kathy.png]
[www.beautystatcosmetics.com/pub-assets/fileuploads/images/order-list/img_deanna.png]
[www.beautystatcosmetics.com/pub-assets/fileuploads/images/order-list/img_crystal.png]
[www.beautystatcosmetics.com/pub-assets/fileuploads/images/order-list/img_raven.png]
[www.beautystatcosmetics.com/pub-assets/fileuploads/images/order-list/img_donna.png]
[www.beautystatcosmetics.com/pub-assets/fileuploads/images/order-list/five_stars2.png]
[www.beautystatcosmetics.com/pub-assets/fileuploads/images/order-list/unit_2.png]
[www.beautystatcosmetics.com/pub-assets/fileuploads/images/order-list/free_shipping.png]
[www.beautystatcosmetics.com/pub-assets/fileuploads/images/order-list/unit_3.png]
[d16hdrba6dusey.cloudfront.net/sitecommon/images/newcheckout/credit_card.png]
[www.beautystatcosmetics.com/pub-assets/fileuploads/images/order-list/product_upsell_mini.png]
[www.beautystatcosmetics.com/en/order-a.html]
[www.beautystatcosmetics.com/en/assets/js/pages/order-a.min9349.js]
[d16hdrba6dusey.cloudfront.net/sitecommon/images/installment_icon.png]
[www.beautystatcosmetics.com/en/assets/css/pages/order.min9349.css]
[www.beautystatcosmetics.com/en/assets/css/pages/index.min9349.css]
[www.beautystatcosmetics.com/pub-assets/fileuploads/images/index/section6_img1.png]
[www.beautystatcosmetics.com/pub-assets/fileuploads/images/index/section6_img2.png]
[www.beautystatcosmetics.com/pub-assets/fileuploads/images/index/section6_img3.png]
[www.beautystatcosmetics.com/pub-assets/fileuploads/images/index/section6_img4.png]
[www.beautystatcosmetics.com/pub-assets/fileuploads/images/index/img_testimonial1.png]
[www.beautystatcosmetics.com/pub-assets/fileuploads/images/index/star5.png]
[www.beautystatcosmetics.com/pub-assets/fileuploads/images/index/img_testimonial2.png]
[www.beautystatcosmetics.com/pub-assets/fileuploads/images/index/img_testimonial3.png]
[www.beautystatcosmetics.com/pub-assets/fileuploads/images/index/img_testimonial4.png]
[www.beautystatcosmetics.com/pub-assets/fileuploads/images/index/img_testimonial5.png]
[www.beautystatcosmetics.com/pub-assets/fileuploads/images/index/star4.png]
[www.beautystatcosmetics.com/pub-assets/fileuploads/images/index/img_testimonial9.png]
[www.beautystatcosmetics.com/pub-assets/fileuploads/images/index/img_testimonial10.png]
[www.beautystatcosmetics.com/pub-assets/fileuploads/images/index/img_testimonial11.png]
[www.beautystatcosmetics.com/pub-assets/fileuploads/images/index/img_testimonial12.png]
[www.beautystatcosmetics.com/en/index.html]
[www.beautystatcosmetics.com/en/assets/js/pages/index.min9349.js]
[www.beautystatcosmetics.com/en/assets/css/pages/contact-us.min9349.css]
[www.beautystatcosmetics.com/en/contact-us.html]
[www.beautystatcosmetics.com/en/assets/css/pages/terms.min9349.css]
[www.beautystatcosmetics.com/en/terms.html]
[www.beautystatcosmetics.com/en/assets/css/pages/policy.min9349.css]
[www.beautystatcosmetics.com/en/policy.html]
[www.beautystatcosmetics.com/en/assets/css/pages/affiliate.min9349.css]
[www.beautystatcosmetics.com/en/assets/js/pages/affiliate.min9349.js]
[www.beautystatcosmetics.com/en/affiliate.html]
[www.beautystatcosmetics.com/en/assets/css/pages/order-a.min9349.css]
[www.beautystatcosmetics.com/en/assets/css/pages/index.min9349.css]
[www.beautystatcosmetics.com/en/assets/css/pages/contact-us.min9349.css]
[www.beautystatcosmetics.com/en/assets/css/pages/terms.min9349.css]
[www.beautystatcosmetics.com/en/assets/css/pages/policy.min9349.css]
[www.beautystatcosmetics.com/en/assets/css/pages/affiliate.min9349.css]
